<?xml version="1.0" encoding="UTF-8"?>
<!-- Generated by org.testng.reporters.JUnitReportReporter -->
<testsuite hostname="La-Yana" failures="0" tests="1" name="TestsCases.SearchProductTest" time="5.885" errors="0" timestamp="2022-08-03T23:47:20 CDT" skipped="0">
  <testcase classname="TestsCases.SearchProductTest" name="verifyProductIsSearchCorrectly" time="5.885"/>
  <system-out/>
</testsuite> <!-- TestsCases.SearchProductTest -->
