<?xml version="1.0" encoding="UTF-8"?>
<!-- Generated by org.testng.reporters.JUnitReportReporter -->
<testsuite hostname="La-Yana" failures="0" tests="1" name="TestsCases.WhishListLogInVerificationTest" time="8.701" errors="0" timestamp="2022-08-04T00:31:41 CDT" skipped="0">
  <testcase classname="TestsCases.WhishListLogInVerificationTest" name="wishListNeedsLogin" time="8.701"/>
  <system-out/>
</testsuite> <!-- TestsCases.WhishListLogInVerificationTest -->
