<?xml version="1.0" encoding="UTF-8"?>
<!-- Generated by org.testng.reporters.JUnitReportReporter -->
<testsuite hostname="La-Yana" failures="0" tests="1" name="TestsCases.RegisterUserMissedInfoTest" time="5.249" errors="0" timestamp="2022-08-03T23:25:42 CDT" skipped="0">
  <testcase classname="TestsCases.RegisterUserMissedInfoTest" name="RegisterUserTest" time="5.249"/>
  <system-out/>
</testsuite> <!-- TestsCases.RegisterUserMissedInfoTest -->
