<?xml version="1.0" encoding="UTF-8"?>
<!-- Generated by org.testng.reporters.JUnitReportReporter -->
<testsuite hostname="La-Yana" failures="0" tests="1" name="TestsCases.RegisterAccountTest" time="8.237" errors="0" timestamp="2022-08-04T20:19:55 CDT" skipped="0">
  <testcase classname="TestsCases.RegisterAccountTest" name="RegisterUserTest" time="8.237"/>
  <system-out/>
</testsuite> <!-- TestsCases.RegisterAccountTest -->
