<?xml version="1.0" encoding="UTF-8"?>
<!-- Generated by org.testng.reporters.JUnitReportReporter -->
<testsuite hostname="La-Yana" failures="0" tests="1" name="TestsCases.RegisterAccountWrongDataTest" time="11.027" errors="0" timestamp="2022-08-03T23:04:08 CDT" skipped="0">
  <testcase classname="TestsCases.RegisterAccountWrongDataTest" name="registerAccountWrongDataTest" time="11.027"/>
  <system-out/>
</testsuite> <!-- TestsCases.RegisterAccountWrongDataTest -->
