<?xml version="1.0" encoding="UTF-8"?>
<!-- Generated by org.testng.reporters.JUnitReportReporter -->
<testsuite hostname="La-Yana" failures="0" tests="1" name="TestsCases.BuyTwiceSameProductsTest" time="45.841" errors="0" timestamp="2022-08-03T23:52:27 CDT" skipped="0">
  <testcase classname="TestsCases.BuyTwiceSameProductsTest" name="buySameProductTwiceTest" time="45.841"/>
  <system-out/>
</testsuite> <!-- TestsCases.BuyTwiceSameProductsTest -->
